execve("./hello.py", ["./hello.py"], 0x7ffc58e96100 /* 26 vars */) = 0
brk(NULL)                               = 0x560e6053c000
arch_prctl(0x3001 /* ARCH_??? */, 0x7ffcd7df62d0) = -1 EINVAL (Invalid argument)
mmap(NULL, 8192, PROT_READ|PROT_WRITE, MAP_PRIVATE|MAP_ANONYMOUS, -1, 0) = 0x7fac4f999000
access("/etc/ld.so.preload", R_OK)      = -1 ENOENT (No such file or directory)
openat(AT_FDCWD, "/etc/ld.so.cache", O_RDONLY|O_CLOEXEC) = 3
newfstatat(3, "", {st_mode=S_IFREG|0644, st_size=20287, ...}, AT_EMPTY_PATH) = 0
mmap(NULL, 20287, PROT_READ, MAP_PRIVATE, 3, 0) = 0x7fac4f994000
close(3)                                = 0
openat(AT_FDCWD, "/lib/x86_64-linux-gnu/libm.so.6", O_RDONLY|O_CLOEXEC) = 3
read(3, "\177ELF\2\1\1\3\0\0\0\0\0\0\0\0\3\0>\0\1\0\0\0\0\0\0\0\0\0\0\0"..., 832) = 832
newfstatat(3, "", {st_mode=S_IFREG|0644, st_size=940560, ...}, AT_EMPTY_PATH) = 0
mmap(NULL, 942344, PROT_READ, MAP_PRIVATE|MAP_DENYWRITE, 3, 0) = 0x7fac4f8ad000
mmap(0x7fac4f8bb000, 507904, PROT_READ|PROT_EXEC, MAP_PRIVATE|MAP_FIXED|MAP_DENYWRITE, 3, 0xe000) = 0x7fac4f8bb000
mmap(0x7fac4f937000, 372736, PROT_READ, MAP_PRIVATE|MAP_FIXED|MAP_DENYWRITE, 3, 0x8a000) = 0x7fac4f937000
mmap(0x7fac4f992000, 8192, PROT_READ|PROT_WRITE, MAP_PRIVATE|MAP_FIXED|MAP_DENYWRITE, 3, 0xe4000) = 0x7fac4f992000
close(3)                                = 0
openat(AT_FDCWD, "/lib/x86_64-linux-gnu/libexpat.so.1", O_RDONLY|O_CLOEXEC) = 3
read(3, "\177ELF\2\1\1\0\0\0\0\0\0\0\0\0\3\0>\0\1\0\0\0\0\0\0\0\0\0\0\0"..., 832) = 832
newfstatat(3, "", {st_mode=S_IFREG|0644, st_size=194872, ...}, AT_EMPTY_PATH) = 0
mmap(NULL, 196792, PROT_READ, MAP_PRIVATE|MAP_DENYWRITE, 3, 0) = 0x7fac4f87c000
mprotect(0x7fac4f880000, 172032, PROT_NONE) = 0
mmap(0x7fac4f880000, 126976, PROT_READ|PROT_EXEC, MAP_PRIVATE|MAP_FIXED|MAP_DENYWRITE, 3, 0x4000) = 0x7fac4f880000
mmap(0x7fac4f89f000, 40960, PROT_READ, MAP_PRIVATE|MAP_FIXED|MAP_DENYWRITE, 3, 0x23000) = 0x7fac4f89f000
mmap(0x7fac4f8aa000, 12288, PROT_READ|PROT_WRITE, MAP_PRIVATE|MAP_FIXED|MAP_DENYWRITE, 3, 0x2d000) = 0x7fac4f8aa000
close(3)                                = 0
openat(AT_FDCWD, "/lib/x86_64-linux-gnu/libz.so.1", O_RDONLY|O_CLOEXEC) = 3
read(3, "\177ELF\2\1\1\3\0\0\0\0\0\0\0\0\3\0>\0\1\0\0\0\0\0\0\0\0\0\0\0"..., 832) = 832
newfstatat(3, "", {st_mode=S_IFREG|0644, st_size=108936, ...}, AT_EMPTY_PATH) = 0
mmap(NULL, 110776, PROT_READ, MAP_PRIVATE|MAP_DENYWRITE, 3, 0) = 0x7fac4f860000
mprotect(0x7fac4f862000, 98304, PROT_NONE) = 0
mmap(0x7fac4f862000, 69632, PROT_READ|PROT_EXEC, MAP_PRIVATE|MAP_FIXED|MAP_DENYWRITE, 3, 0x2000) = 0x7fac4f862000
mmap(0x7fac4f873000, 24576, PROT_READ, MAP_PRIVATE|MAP_FIXED|MAP_DENYWRITE, 3, 0x13000) = 0x7fac4f873000
mmap(0x7fac4f87a000, 8192, PROT_READ|PROT_WRITE, MAP_PRIVATE|MAP_FIXED|MAP_DENYWRITE, 3, 0x19000) = 0x7fac4f87a000
close(3)                                = 0
openat(AT_FDCWD, "/lib/x86_64-linux-gnu/libc.so.6", O_RDONLY|O_CLOEXEC) = 3
read(3, "\177ELF\2\1\1\3\0\0\0\0\0\0\0\0\3\0>\0\1\0\0\0P\237\2\0\0\0\0\0"..., 832) = 832
pread64(3, "\6\0\0\0\4\0\0\0@\0\0\0\0\0\0\0@\0\0\0\0\0\0\0@\0\0\0\0\0\0\0"..., 784, 64) = 784
pread64(3, "\4\0\0\0 \0\0\0\5\0\0\0GNU\0\2\0\0\300\4\0\0\0\3\0\0\0\0\0\0\0"..., 48, 848) = 48
pread64(3, "\4\0\0\0\24\0\0\0\3\0\0\0GNU\0i8\235HZ\227\223\333\350s\360\352,\223\340."..., 68, 896) = 68
newfstatat(3, "", {st_mode=S_IFREG|0644, st_size=2216304, ...}, AT_EMPTY_PATH) = 0
pread64(3, "\6\0\0\0\4\0\0\0@\0\0\0\0\0\0\0@\0\0\0\0\0\0\0@\0\0\0\0\0\0\0"..., 784, 64) = 784
mmap(NULL, 2260560, PROT_READ, MAP_PRIVATE|MAP_DENYWRITE, 3, 0) = 0x7fac4f638000
mmap(0x7fac4f660000, 1658880, PROT_READ|PROT_EXEC, MAP_PRIVATE|MAP_FIXED|MAP_DENYWRITE, 3, 0x28000) = 0x7fac4f660000
mmap(0x7fac4f7f5000, 360448, PROT_READ, MAP_PRIVATE|MAP_FIXED|MAP_DENYWRITE, 3, 0x1bd000) = 0x7fac4f7f5000
mmap(0x7fac4f84d000, 24576, PROT_READ|PROT_WRITE, MAP_PRIVATE|MAP_FIXED|MAP_DENYWRITE, 3, 0x214000) = 0x7fac4f84d000
mmap(0x7fac4f853000, 52816, PROT_READ|PROT_WRITE, MAP_PRIVATE|MAP_FIXED|MAP_ANONYMOUS, -1, 0) = 0x7fac4f853000
close(3)                                = 0
mmap(NULL, 8192, PROT_READ|PROT_WRITE, MAP_PRIVATE|MAP_ANONYMOUS, -1, 0) = 0x7fac4f636000
arch_prctl(ARCH_SET_FS, 0x7fac4f6371c0) = 0
set_tid_address(0x7fac4f637490)         = 2260
set_robust_list(0x7fac4f6374a0, 24)     = 0
rseq(0x7fac4f637b60, 0x20, 0, 0x53053053) = 0
mprotect(0x7fac4f84d000, 16384, PROT_READ) = 0
mprotect(0x7fac4f87a000, 4096, PROT_READ) = 0
mprotect(0x7fac4f8aa000, 8192, PROT_READ) = 0
mprotect(0x7fac4f992000, 4096, PROT_READ) = 0
mprotect(0x560e5f944000, 28672, PROT_READ) = 0
mprotect(0x7fac4f9d3000, 8192, PROT_READ) = 0
prlimit64(0, RLIMIT_STACK, NULL, {rlim_cur=8192*1024, rlim_max=RLIM64_INFINITY}) = 0
munmap(0x7fac4f994000, 20287)           = 0
getrandom("\x06\x59\xce\xef\x50\x35\x0c\xfa", 8, GRND_NONBLOCK) = 8
brk(NULL)                               = 0x560e6053c000
brk(0x560e6055d000)                     = 0x560e6055d000
openat(AT_FDCWD, "/usr/lib/locale/locale-archive", O_RDONLY|O_CLOEXEC) = 3
newfstatat(3, "", {st_mode=S_IFREG|0644, st_size=3048928, ...}, AT_EMPTY_PATH) = 0
mmap(NULL, 3048928, PROT_READ, MAP_PRIVATE, 3, 0) = 0x7fac4f34d000
close(3)                                = 0
openat(AT_FDCWD, "/usr/share/locale/locale.alias", O_RDONLY|O_CLOEXEC) = 3
newfstatat(3, "", {st_mode=S_IFREG|0644, st_size=2996, ...}, AT_EMPTY_PATH) = 0
read(3, "# Locale name alias data base.\n#"..., 4096) = 2996
read(3, "", 4096)                       = 0
close(3)                                = 0
openat(AT_FDCWD, "/usr/lib/locale/C.UTF-8/LC_CTYPE", O_RDONLY|O_CLOEXEC) = -1 ENOENT (No such file or directory)
openat(AT_FDCWD, "/usr/lib/locale/C.utf8/LC_CTYPE", O_RDONLY|O_CLOEXEC) = 3
newfstatat(3, "", {st_mode=S_IFREG|0644, st_size=353616, ...}, AT_EMPTY_PATH) = 0
mmap(NULL, 353616, PROT_READ, MAP_PRIVATE, 3, 0) = 0x7fac4f2f6000
close(3)                                = 0
openat(AT_FDCWD, "/usr/lib/x86_64-linux-gnu/gconv/gconv-modules.cache", O_RDONLY) = 3
newfstatat(3, "", {st_mode=S_IFREG|0644, st_size=27002, ...}, AT_EMPTY_PATH) = 0
mmap(NULL, 27002, PROT_READ, MAP_SHARED, 3, 0) = 0x7fac4f2ef000
close(3)                                = 0
futex(0x7fac4f852a6c, FUTEX_WAKE_PRIVATE, 2147483647) = 0
getcwd("/home/azureuser/Learn-Linux-Kernel/src/ch01", 4096) = 44
getrandom("\xad\x46\xbd\xb2\xaa\x90\x47\x74\x98\x0b\xb0\x4f\x05\x2d\x02\x7f\x6c\x54\x7f\xba\x16\x26\x3f\x51", 24, GRND_NONBLOCK) = 24
mmap(NULL, 1048576, PROT_READ|PROT_WRITE, MAP_PRIVATE|MAP_ANONYMOUS, -1, 0) = 0x7fac4f1ef000
mmap(NULL, 266240, PROT_READ|PROT_WRITE, MAP_PRIVATE|MAP_ANONYMOUS, -1, 0) = 0x7fac4f1ae000
mmap(NULL, 135168, PROT_READ|PROT_WRITE, MAP_PRIVATE|MAP_ANONYMOUS, -1, 0) = 0x7fac4f18d000
brk(0x560e6057e000)                     = 0x560e6057e000
brk(0x560e605a1000)                     = 0x560e605a1000
readlink("/usr/bin/python3", "python3.10", 4096) = 10
readlink("/usr/bin/python3.10", 0x7ffcd7df0c30, 4096) = -1 EINVAL (Invalid argument)
openat(AT_FDCWD, "/usr/bin/pyvenv.cfg", O_RDONLY) = -1 ENOENT (No such file or directory)
openat(AT_FDCWD, "/usr/pyvenv.cfg", O_RDONLY) = -1 ENOENT (No such file or directory)
newfstatat(AT_FDCWD, "/usr/bin/Modules/Setup.local", 0x7ffcd7df1c00, 0) = -1 ENOENT (No such file or directory)
newfstatat(AT_FDCWD, "/usr/bin/lib/python3.10/os.py", 0x7ffcd7df1b00, 0) = -1 ENOENT (No such file or directory)
newfstatat(AT_FDCWD, "/usr/bin/lib/python3.10/os.pyc", 0x7ffcd7df1b00, 0) = -1 ENOENT (No such file or directory)
newfstatat(AT_FDCWD, "/usr/lib/python3.10/os.py", {st_mode=S_IFREG|0644, st_size=39514, ...}, 0) = 0
openat(AT_FDCWD, "/usr/bin/pybuilddir.txt", O_RDONLY) = -1 ENOENT (No such file or directory)
newfstatat(AT_FDCWD, "/usr/bin/lib/python3.10/lib-dynload", 0x7ffcd7df0c80, 0) = -1 ENOENT (No such file or directory)
newfstatat(AT_FDCWD, "/usr/lib/python3.10/lib-dynload", {st_mode=S_IFDIR|0755, st_size=4096, ...}, 0) = 0
mmap(NULL, 1048576, PROT_READ|PROT_WRITE, MAP_PRIVATE|MAP_ANONYMOUS, -1, 0) = 0x7fac4f08d000
sysinfo({uptime=547, loads=[0, 3648, 3936], totalram=3587702784, freeram=2258341888, sharedram=4124672, bufferram=32411648, totalswap=0, freeswap=0, procs=124, totalhigh=0, freehigh=0, mem_unit=1}) = 0
openat(AT_FDCWD, "/etc/localtime", O_RDONLY|O_CLOEXEC) = 3
newfstatat(3, "", {st_mode=S_IFREG|0644, st_size=114, ...}, AT_EMPTY_PATH) = 0
newfstatat(3, "", {st_mode=S_IFREG|0644, st_size=114, ...}, AT_EMPTY_PATH) = 0
read(3, "TZif2\0\0\0\0\0\0\0\0\0\0\0\0\0\0\0\0\0\0\0\0\0\0\0\0\0\0\0"..., 4096) = 114
lseek(3, -60, SEEK_CUR)                 = 54
read(3, "TZif2\0\0\0\0\0\0\0\0\0\0\0\0\0\0\0\0\0\0\0\0\0\0\0\0\0\0\0"..., 4096) = 60
close(3)                                = 0
brk(0x560e605c2000)                     = 0x560e605c2000
newfstatat(AT_FDCWD, "/usr/lib/python310.zip", 0x7ffcd7df4560, 0) = -1 ENOENT (No such file or directory)
newfstatat(AT_FDCWD, "/usr/lib", {st_mode=S_IFDIR|0755, st_size=4096, ...}, 0) = 0
newfstatat(AT_FDCWD, "/usr/lib/python310.zip", 0x7ffcd7df42f0, 0) = -1 ENOENT (No such file or directory)
newfstatat(AT_FDCWD, "/usr/lib/python3.10", {st_mode=S_IFDIR|0755, st_size=4096, ...}, 0) = 0
newfstatat(AT_FDCWD, "/usr/lib/python3.10", {st_mode=S_IFDIR|0755, st_size=4096, ...}, 0) = 0
newfstatat(AT_FDCWD, "/usr/lib/python3.10", {st_mode=S_IFDIR|0755, st_size=4096, ...}, 0) = 0
openat(AT_FDCWD, "/usr/lib/python3.10", O_RDONLY|O_NONBLOCK|O_CLOEXEC|O_DIRECTORY) = 3
newfstatat(3, "", {st_mode=S_IFDIR|0755, st_size=4096, ...}, AT_EMPTY_PATH) = 0
getdents64(3, 0x560e605a1540 /* 205 entries */, 32768) = 6856
getdents64(3, 0x560e605a1540 /* 0 entries */, 32768) = 0
close(3)                                = 0
newfstatat(AT_FDCWD, "/usr/lib/python3.10/encodings/__init__.cpython-310-x86_64-linux-gnu.so", 0x7ffcd7df46f0, 0) = -1 ENOENT (No such file or directory)
newfstatat(AT_FDCWD, "/usr/lib/python3.10/encodings/__init__.abi3.so", 0x7ffcd7df46f0, 0) = -1 ENOENT (No such file or directory)
newfstatat(AT_FDCWD, "/usr/lib/python3.10/encodings/__init__.so", 0x7ffcd7df46f0, 0) = -1 ENOENT (No such file or directory)
newfstatat(AT_FDCWD, "/usr/lib/python3.10/encodings/__init__.py", {st_mode=S_IFREG|0644, st_size=5620, ...}, 0) = 0
newfstatat(AT_FDCWD, "/usr/lib/python3.10/encodings/__init__.py", {st_mode=S_IFREG|0644, st_size=5620, ...}, 0) = 0
openat(AT_FDCWD, "/usr/lib/python3.10/encodings/__pycache__/__init__.cpython-310.pyc", O_RDONLY|O_CLOEXEC) = 3
fcntl(3, F_GETFD)                       = 0x1 (flags FD_CLOEXEC)
newfstatat(3, "", {st_mode=S_IFREG|0644, st_size=3907, ...}, AT_EMPTY_PATH) = 0
ioctl(3, TCGETS, 0x7ffcd7df49b0)        = -1 ENOTTY (Inappropriate ioctl for device)
lseek(3, 0, SEEK_CUR)                   = 0
lseek(3, 0, SEEK_CUR)                   = 0
newfstatat(3, "", {st_mode=S_IFREG|0644, st_size=3907, ...}, AT_EMPTY_PATH) = 0
read(3, "o\r\r\n\0\0\0\0\240\f\vd\364\25\0\0\343\0\0\0\0\0\0\0\0\0\0\0\0\0\0\0"..., 3908) = 3907
read(3, "", 1)                          = 0
close(3)                                = 0
newfstatat(AT_FDCWD, "/usr/lib/python3.10", {st_mode=S_IFDIR|0755, st_size=4096, ...}, 0) = 0
newfstatat(AT_FDCWD, "/usr/lib/python3.10/codecs.py", {st_mode=S_IFREG|0644, st_size=36672, ...}, 0) = 0
newfstatat(AT_FDCWD, "/usr/lib/python3.10/codecs.py", {st_mode=S_IFREG|0644, st_size=36672, ...}, 0) = 0
openat(AT_FDCWD, "/usr/lib/python3.10/__pycache__/codecs.cpython-310.pyc", O_RDONLY|O_CLOEXEC) = 3
newfstatat(3, "", {st_mode=S_IFREG|0644, st_size=33179, ...}, AT_EMPTY_PATH) = 0
ioctl(3, TCGETS, 0x7ffcd7df3b90)        = -1 ENOTTY (Inappropriate ioctl for device)
lseek(3, 0, SEEK_CUR)                   = 0
lseek(3, 0, SEEK_CUR)                   = 0
newfstatat(3, "", {st_mode=S_IFREG|0644, st_size=33179, ...}, AT_EMPTY_PATH) = 0
read(3, "o\r\r\n\0\0\0\0\240\f\vd@\217\0\0\343\0\0\0\0\0\0\0\0\0\0\0\0\0\0\0"..., 33180) = 33179
read(3, "", 1)                          = 0
close(3)                                = 0
newfstatat(AT_FDCWD, "/usr/lib/python3.10/encodings", {st_mode=S_IFDIR|0755, st_size=4096, ...}, 0) = 0
newfstatat(AT_FDCWD, "/usr/lib/python3.10/encodings", {st_mode=S_IFDIR|0755, st_size=4096, ...}, 0) = 0
newfstatat(AT_FDCWD, "/usr/lib/python3.10/encodings", {st_mode=S_IFDIR|0755, st_size=4096, ...}, 0) = 0
openat(AT_FDCWD, "/usr/lib/python3.10/encodings", O_RDONLY|O_NONBLOCK|O_CLOEXEC|O_DIRECTORY) = 3
newfstatat(3, "", {st_mode=S_IFDIR|0755, st_size=4096, ...}, AT_EMPTY_PATH) = 0
getdents64(3, 0x560e605afa40 /* 125 entries */, 32768) = 4224
getdents64(3, 0x560e605afa40 /* 0 entries */, 32768) = 0
close(3)                                = 0
newfstatat(AT_FDCWD, "/usr/lib/python3.10/encodings/aliases.py", {st_mode=S_IFREG|0644, st_size=15677, ...}, 0) = 0
newfstatat(AT_FDCWD, "/usr/lib/python3.10/encodings/aliases.py", {st_mode=S_IFREG|0644, st_size=15677, ...}, 0) = 0
openat(AT_FDCWD, "/usr/lib/python3.10/encodings/__pycache__/aliases.cpython-310.pyc", O_RDONLY|O_CLOEXEC) = 3
newfstatat(3, "", {st_mode=S_IFREG|0644, st_size=10921, ...}, AT_EMPTY_PATH) = 0
ioctl(3, TCGETS, 0x7ffcd7df34e0)        = -1 ENOTTY (Inappropriate ioctl for device)
lseek(3, 0, SEEK_CUR)                   = 0
lseek(3, 0, SEEK_CUR)                   = 0
newfstatat(3, "", {st_mode=S_IFREG|0644, st_size=10921, ...}, AT_EMPTY_PATH) = 0
read(3, "o\r\r\n\0\0\0\0\240\f\vd==\0\0\343\0\0\0\0\0\0\0\0\0\0\0\0\0\0\0"..., 10922) = 10921
read(3, "", 1)                          = 0
close(3)                                = 0
newfstatat(AT_FDCWD, "/usr/lib/python3.10/encodings", {st_mode=S_IFDIR|0755, st_size=4096, ...}, 0) = 0
newfstatat(AT_FDCWD, "/usr/lib/python3.10/encodings/utf_8.py", {st_mode=S_IFREG|0644, st_size=1005, ...}, 0) = 0
newfstatat(AT_FDCWD, "/usr/lib/python3.10/encodings/utf_8.py", {st_mode=S_IFREG|0644, st_size=1005, ...}, 0) = 0
openat(AT_FDCWD, "/usr/lib/python3.10/encodings/__pycache__/utf_8.cpython-310.pyc", O_RDONLY|O_CLOEXEC) = 3
newfstatat(3, "", {st_mode=S_IFREG|0644, st_size=1597, ...}, AT_EMPTY_PATH) = 0
ioctl(3, TCGETS, 0x7ffcd7df49f0)        = -1 ENOTTY (Inappropriate ioctl for device)
lseek(3, 0, SEEK_CUR)                   = 0
lseek(3, 0, SEEK_CUR)                   = 0
newfstatat(3, "", {st_mode=S_IFREG|0644, st_size=1597, ...}, AT_EMPTY_PATH) = 0
read(3, "o\r\r\n\0\0\0\0\240\f\vd\355\3\0\0\343\0\0\0\0\0\0\0\0\0\0\0\0\0\0\0"..., 1598) = 1597
read(3, "", 1)                          = 0
close(3)                                = 0
rt_sigaction(SIGPIPE, {sa_handler=SIG_IGN, sa_mask=[], sa_flags=SA_RESTORER|SA_ONSTACK, sa_restorer=0x7fac4f67a520}, {sa_handler=SIG_DFL, sa_mask=[], sa_flags=0}, 8) = 0
rt_sigaction(SIGXFSZ, {sa_handler=SIG_IGN, sa_mask=[], sa_flags=SA_RESTORER|SA_ONSTACK, sa_restorer=0x7fac4f67a520}, {sa_handler=SIG_DFL, sa_mask=[], sa_flags=0}, 8) = 0
rt_sigaction(SIGHUP, NULL, {sa_handler=SIG_DFL, sa_mask=[], sa_flags=0}, 8) = 0
rt_sigaction(SIGINT, NULL, {sa_handler=SIG_DFL, sa_mask=[], sa_flags=0}, 8) = 0
rt_sigaction(SIGQUIT, NULL, {sa_handler=SIG_DFL, sa_mask=[], sa_flags=0}, 8) = 0
rt_sigaction(SIGILL, NULL, {sa_handler=SIG_DFL, sa_mask=[], sa_flags=0}, 8) = 0
rt_sigaction(SIGTRAP, NULL, {sa_handler=SIG_DFL, sa_mask=[], sa_flags=0}, 8) = 0
rt_sigaction(SIGABRT, NULL, {sa_handler=SIG_DFL, sa_mask=[], sa_flags=0}, 8) = 0
rt_sigaction(SIGBUS, NULL, {sa_handler=SIG_DFL, sa_mask=[], sa_flags=0}, 8) = 0
rt_sigaction(SIGFPE, NULL, {sa_handler=SIG_DFL, sa_mask=[], sa_flags=0}, 8) = 0
rt_sigaction(SIGKILL, NULL, {sa_handler=SIG_DFL, sa_mask=[], sa_flags=0}, 8) = 0
rt_sigaction(SIGUSR1, NULL, {sa_handler=SIG_DFL, sa_mask=[], sa_flags=0}, 8) = 0
rt_sigaction(SIGSEGV, NULL, {sa_handler=SIG_DFL, sa_mask=[], sa_flags=0}, 8) = 0
rt_sigaction(SIGUSR2, NULL, {sa_handler=SIG_DFL, sa_mask=[], sa_flags=0}, 8) = 0
rt_sigaction(SIGPIPE, NULL, {sa_handler=SIG_IGN, sa_mask=[], sa_flags=SA_RESTORER|SA_ONSTACK, sa_restorer=0x7fac4f67a520}, 8) = 0
rt_sigaction(SIGALRM, NULL, {sa_handler=SIG_DFL, sa_mask=[], sa_flags=0}, 8) = 0
rt_sigaction(SIGTERM, NULL, {sa_handler=SIG_DFL, sa_mask=[], sa_flags=0}, 8) = 0
rt_sigaction(SIGSTKFLT, NULL, {sa_handler=SIG_DFL, sa_mask=[], sa_flags=0}, 8) = 0
rt_sigaction(SIGCHLD, NULL, {sa_handler=SIG_DFL, sa_mask=[], sa_flags=0}, 8) = 0
rt_sigaction(SIGCONT, NULL, {sa_handler=SIG_DFL, sa_mask=[], sa_flags=0}, 8) = 0
rt_sigaction(SIGSTOP, NULL, {sa_handler=SIG_DFL, sa_mask=[], sa_flags=0}, 8) = 0
rt_sigaction(SIGTSTP, NULL, {sa_handler=SIG_DFL, sa_mask=[], sa_flags=0}, 8) = 0
rt_sigaction(SIGTTIN, NULL, {sa_handler=SIG_DFL, sa_mask=[], sa_flags=0}, 8) = 0
rt_sigaction(SIGTTOU, NULL, {sa_handler=SIG_DFL, sa_mask=[], sa_flags=0}, 8) = 0
rt_sigaction(SIGURG, NULL, {sa_handler=SIG_DFL, sa_mask=[], sa_flags=0}, 8) = 0
rt_sigaction(SIGXCPU, NULL, {sa_handler=SIG_DFL, sa_mask=[], sa_flags=0}, 8) = 0
rt_sigaction(SIGXFSZ, NULL, {sa_handler=SIG_IGN, sa_mask=[], sa_flags=SA_RESTORER|SA_ONSTACK, sa_restorer=0x7fac4f67a520}, 8) = 0
rt_sigaction(SIGVTALRM, NULL, {sa_handler=SIG_DFL, sa_mask=[], sa_flags=0}, 8) = 0
rt_sigaction(SIGPROF, NULL, {sa_handler=SIG_DFL, sa_mask=[], sa_flags=0}, 8) = 0
rt_sigaction(SIGWINCH, NULL, {sa_handler=SIG_DFL, sa_mask=[], sa_flags=0}, 8) = 0
rt_sigaction(SIGIO, NULL, {sa_handler=SIG_DFL, sa_mask=[], sa_flags=0}, 8) = 0
rt_sigaction(SIGPWR, NULL, {sa_handler=SIG_DFL, sa_mask=[], sa_flags=0}, 8) = 0
rt_sigaction(SIGSYS, NULL, {sa_handler=SIG_DFL, sa_mask=[], sa_flags=0}, 8) = 0
rt_sigaction(SIGRT_2, NULL, {sa_handler=SIG_DFL, sa_mask=[], sa_flags=0}, 8) = 0
rt_sigaction(SIGRT_3, NULL, {sa_handler=SIG_DFL, sa_mask=[], sa_flags=0}, 8) = 0
rt_sigaction(SIGRT_4, NULL, {sa_handler=SIG_DFL, sa_mask=[], sa_flags=0}, 8) = 0
rt_sigaction(SIGRT_5, NULL, {sa_handler=SIG_DFL, sa_mask=[], sa_flags=0}, 8) = 0
rt_sigaction(SIGRT_6, NULL, {sa_handler=SIG_DFL, sa_mask=[], sa_flags=0}, 8) = 0
rt_sigaction(SIGRT_7, NULL, {sa_handler=SIG_DFL, sa_mask=[], sa_flags=0}, 8) = 0
rt_sigaction(SIGRT_8, NULL, {sa_handler=SIG_DFL, sa_mask=[], sa_flags=0}, 8) = 0
rt_sigaction(SIGRT_9, NULL, {sa_handler=SIG_DFL, sa_mask=[], sa_flags=0}, 8) = 0
rt_sigaction(SIGRT_10, NULL, {sa_handler=SIG_DFL, sa_mask=[], sa_flags=0}, 8) = 0
rt_sigaction(SIGRT_11, NULL, {sa_handler=SIG_DFL, sa_mask=[], sa_flags=0}, 8) = 0
rt_sigaction(SIGRT_12, NULL, {sa_handler=SIG_DFL, sa_mask=[], sa_flags=0}, 8) = 0
rt_sigaction(SIGRT_13, NULL, {sa_handler=SIG_DFL, sa_mask=[], sa_flags=0}, 8) = 0
rt_sigaction(SIGRT_14, NULL, {sa_handler=SIG_DFL, sa_mask=[], sa_flags=0}, 8) = 0
rt_sigaction(SIGRT_15, NULL, {sa_handler=SIG_DFL, sa_mask=[], sa_flags=0}, 8) = 0
rt_sigaction(SIGRT_16, NULL, {sa_handler=SIG_DFL, sa_mask=[], sa_flags=0}, 8) = 0
rt_sigaction(SIGRT_17, NULL, {sa_handler=SIG_DFL, sa_mask=[], sa_flags=0}, 8) = 0
rt_sigaction(SIGRT_18, NULL, {sa_handler=SIG_DFL, sa_mask=[], sa_flags=0}, 8) = 0
rt_sigaction(SIGRT_19, NULL, {sa_handler=SIG_DFL, sa_mask=[], sa_flags=0}, 8) = 0
rt_sigaction(SIGRT_20, NULL, {sa_handler=SIG_DFL, sa_mask=[], sa_flags=0}, 8) = 0
rt_sigaction(SIGRT_21, NULL, {sa_handler=SIG_DFL, sa_mask=[], sa_flags=0}, 8) = 0
rt_sigaction(SIGRT_22, NULL, {sa_handler=SIG_DFL, sa_mask=[], sa_flags=0}, 8) = 0
rt_sigaction(SIGRT_23, NULL, {sa_handler=SIG_DFL, sa_mask=[], sa_flags=0}, 8) = 0
rt_sigaction(SIGRT_24, NULL, {sa_handler=SIG_DFL, sa_mask=[], sa_flags=0}, 8) = 0
rt_sigaction(SIGRT_25, NULL, {sa_handler=SIG_DFL, sa_mask=[], sa_flags=0}, 8) = 0
rt_sigaction(SIGRT_26, NULL, {sa_handler=SIG_DFL, sa_mask=[], sa_flags=0}, 8) = 0
rt_sigaction(SIGRT_27, NULL, {sa_handler=SIG_DFL, sa_mask=[], sa_flags=0}, 8) = 0
rt_sigaction(SIGRT_28, NULL, {sa_handler=SIG_DFL, sa_mask=[], sa_flags=0}, 8) = 0
rt_sigaction(SIGRT_29, NULL, {sa_handler=SIG_DFL, sa_mask=[], sa_flags=0}, 8) = 0
rt_sigaction(SIGRT_30, NULL, {sa_handler=SIG_DFL, sa_mask=[], sa_flags=0}, 8) = 0
rt_sigaction(SIGRT_31, NULL, {sa_handler=SIG_DFL, sa_mask=[], sa_flags=0}, 8) = 0
rt_sigaction(SIGRT_32, NULL, {sa_handler=SIG_DFL, sa_mask=[], sa_flags=0}, 8) = 0
rt_sigaction(SIGINT, {sa_handler=0x560e5f675b00, sa_mask=[], sa_flags=SA_RESTORER|SA_ONSTACK, sa_restorer=0x7fac4f67a520}, {sa_handler=SIG_DFL, sa_mask=[], sa_flags=0}, 8) = 0
newfstatat(0, "", {st_mode=S_IFCHR|0620, st_rdev=makedev(0x88, 0), ...}, AT_EMPTY_PATH) = 0
newfstatat(AT_FDCWD, "/usr/lib/python3.10", {st_mode=S_IFDIR|0755, st_size=4096, ...}, 0) = 0
newfstatat(AT_FDCWD, "/usr/lib/python3.10/io.py", {st_mode=S_IFREG|0644, st_size=4196, ...}, 0) = 0
newfstatat(AT_FDCWD, "/usr/lib/python3.10/io.py", {st_mode=S_IFREG|0644, st_size=4196, ...}, 0) = 0
openat(AT_FDCWD, "/usr/lib/python3.10/__pycache__/io.cpython-310.pyc", O_RDONLY|O_CLOEXEC) = 3
newfstatat(3, "", {st_mode=S_IFREG|0644, st_size=3663, ...}, AT_EMPTY_PATH) = 0
ioctl(3, TCGETS, 0x7ffcd7df4aa0)        = -1 ENOTTY (Inappropriate ioctl for device)
lseek(3, 0, SEEK_CUR)                   = 0
lseek(3, 0, SEEK_CUR)                   = 0
newfstatat(3, "", {st_mode=S_IFREG|0644, st_size=3663, ...}, AT_EMPTY_PATH) = 0
read(3, "o\r\r\n\0\0\0\0\240\f\vdd\20\0\0\343\0\0\0\0\0\0\0\0\0\0\0\0\0\0\0"..., 3664) = 3663
read(3, "", 1)                          = 0
close(3)                                = 0
newfstatat(AT_FDCWD, "/usr/lib/python3.10", {st_mode=S_IFDIR|0755, st_size=4096, ...}, 0) = 0
newfstatat(AT_FDCWD, "/usr/lib/python3.10/abc.py", {st_mode=S_IFREG|0644, st_size=6522, ...}, 0) = 0
newfstatat(AT_FDCWD, "/usr/lib/python3.10/abc.py", {st_mode=S_IFREG|0644, st_size=6522, ...}, 0) = 0
openat(AT_FDCWD, "/usr/lib/python3.10/__pycache__/abc.cpython-310.pyc", O_RDONLY|O_CLOEXEC) = 3
newfstatat(3, "", {st_mode=S_IFREG|0644, st_size=6751, ...}, AT_EMPTY_PATH) = 0
ioctl(3, TCGETS, 0x7ffcd7df3c80)        = -1 ENOTTY (Inappropriate ioctl for device)
lseek(3, 0, SEEK_CUR)                   = 0
lseek(3, 0, SEEK_CUR)                   = 0
newfstatat(3, "", {st_mode=S_IFREG|0644, st_size=6751, ...}, AT_EMPTY_PATH) = 0
read(3, "o\r\r\n\0\0\0\0\240\f\vdz\31\0\0\343\0\0\0\0\0\0\0\0\0\0\0\0\0\0\0"..., 6752) = 6751
read(3, "", 1)                          = 0
close(3)                                = 0
dup(0)                                  = 3
close(3)                                = 0
newfstatat(0, "", {st_mode=S_IFCHR|0620, st_rdev=makedev(0x88, 0), ...}, AT_EMPTY_PATH) = 0
ioctl(0, TCGETS, {B38400 opost isig icanon echo ...}) = 0
lseek(0, 0, SEEK_CUR)                   = -1 ESPIPE (Illegal seek)
ioctl(0, TCGETS, {B38400 opost isig icanon echo ...}) = 0
dup(1)                                  = 3
close(3)                                = 0
newfstatat(1, "", {st_mode=S_IFCHR|0620, st_rdev=makedev(0x88, 0), ...}, AT_EMPTY_PATH) = 0
ioctl(1, TCGETS, {B38400 opost isig icanon echo ...}) = 0
lseek(1, 0, SEEK_CUR)                   = -1 ESPIPE (Illegal seek)
ioctl(1, TCGETS, {B38400 opost isig icanon echo ...}) = 0
dup(2)                                  = 3
close(3)                                = 0
newfstatat(2, "", {st_mode=S_IFCHR|0620, st_rdev=makedev(0x88, 0), ...}, AT_EMPTY_PATH) = 0
ioctl(2, TCGETS, {B38400 opost isig icanon echo ...}) = 0
lseek(2, 0, SEEK_CUR)                   = -1 ESPIPE (Illegal seek)
ioctl(2, TCGETS, {B38400 opost isig icanon echo ...}) = 0
newfstatat(AT_FDCWD, "/usr/lib/python3.10", {st_mode=S_IFDIR|0755, st_size=4096, ...}, 0) = 0
newfstatat(AT_FDCWD, "/usr/lib/python3.10/site.py", {st_mode=S_IFREG|0644, st_size=23667, ...}, 0) = 0
newfstatat(AT_FDCWD, "/usr/lib/python3.10/site.py", {st_mode=S_IFREG|0644, st_size=23667, ...}, 0) = 0
openat(AT_FDCWD, "/usr/lib/python3.10/__pycache__/site.cpython-310.pyc", O_RDONLY|O_CLOEXEC) = 3
newfstatat(3, "", {st_mode=S_IFREG|0644, st_size=17922, ...}, AT_EMPTY_PATH) = 0
ioctl(3, TCGETS, 0x7ffcd7df4aa0)        = -1 ENOTTY (Inappropriate ioctl for device)
lseek(3, 0, SEEK_CUR)                   = 0
lseek(3, 0, SEEK_CUR)                   = 0
newfstatat(3, "", {st_mode=S_IFREG|0644, st_size=17922, ...}, AT_EMPTY_PATH) = 0
read(3, "o\r\r\n\0\0\0\0\240\f\vds\\\0\0\343\0\0\0\0\0\0\0\0\0\0\0\0\0\0\0"..., 17923) = 17922
read(3, "", 1)                          = 0
close(3)                                = 0
newfstatat(AT_FDCWD, "/usr/lib/python3.10", {st_mode=S_IFDIR|0755, st_size=4096, ...}, 0) = 0
newfstatat(AT_FDCWD, "/usr/lib/python3.10/os.py", {st_mode=S_IFREG|0644, st_size=39514, ...}, 0) = 0
newfstatat(AT_FDCWD, "/usr/lib/python3.10/os.py", {st_mode=S_IFREG|0644, st_size=39514, ...}, 0) = 0
openat(AT_FDCWD, "/usr/lib/python3.10/__pycache__/os.cpython-310.pyc", O_RDONLY|O_CLOEXEC) = 3
newfstatat(3, "", {st_mode=S_IFREG|0644, st_size=31556, ...}, AT_EMPTY_PATH) = 0
ioctl(3, TCGETS, 0x7ffcd7df3c80)        = -1 ENOTTY (Inappropriate ioctl for device)
lseek(3, 0, SEEK_CUR)                   = 0
lseek(3, 0, SEEK_CUR)                   = 0
newfstatat(3, "", {st_mode=S_IFREG|0644, st_size=31556, ...}, AT_EMPTY_PATH) = 0
brk(0x560e605e5000)                     = 0x560e605e5000
read(3, "o\r\r\n\0\0\0\0\240\f\vdZ\232\0\0\343\0\0\0\0\0\0\0\0\0\0\0\0\0\0\0"..., 31557) = 31556
read(3, "", 1)                          = 0
close(3)                                = 0
mmap(NULL, 151552, PROT_READ|PROT_WRITE, MAP_PRIVATE|MAP_ANONYMOUS, -1, 0) = 0x7fac4f068000
newfstatat(AT_FDCWD, "/usr/lib/python3.10", {st_mode=S_IFDIR|0755, st_size=4096, ...}, 0) = 0
newfstatat(AT_FDCWD, "/usr/lib/python3.10/stat.py", {st_mode=S_IFREG|0644, st_size=5485, ...}, 0) = 0
newfstatat(AT_FDCWD, "/usr/lib/python3.10/stat.py", {st_mode=S_IFREG|0644, st_size=5485, ...}, 0) = 0
openat(AT_FDCWD, "/usr/lib/python3.10/__pycache__/stat.cpython-310.pyc", O_RDONLY|O_CLOEXEC) = 3
newfstatat(3, "", {st_mode=S_IFREG|0644, st_size=4273, ...}, AT_EMPTY_PATH) = 0
ioctl(3, TCGETS, 0x7ffcd7df2e60)        = -1 ENOTTY (Inappropriate ioctl for device)
lseek(3, 0, SEEK_CUR)                   = 0
lseek(3, 0, SEEK_CUR)                   = 0
newfstatat(3, "", {st_mode=S_IFREG|0644, st_size=4273, ...}, AT_EMPTY_PATH) = 0
read(3, "o\r\r\n\0\0\0\0\240\f\vdm\25\0\0\343\0\0\0\0\0\0\0\0\0\0\0\0\0\0\0"..., 4274) = 4273
read(3, "", 1)                          = 0
close(3)                                = 0
newfstatat(AT_FDCWD, "/usr/lib/python3.10", {st_mode=S_IFDIR|0755, st_size=4096, ...}, 0) = 0
newfstatat(AT_FDCWD, "/usr/lib/python3.10/_collections_abc.py", {st_mode=S_IFREG|0644, st_size=32045, ...}, 0) = 0
newfstatat(AT_FDCWD, "/usr/lib/python3.10/_collections_abc.py", {st_mode=S_IFREG|0644, st_size=32045, ...}, 0) = 0
openat(AT_FDCWD, "/usr/lib/python3.10/__pycache__/_collections_abc.cpython-310.pyc", O_RDONLY|O_CLOEXEC) = 3
newfstatat(3, "", {st_mode=S_IFREG|0644, st_size=32837, ...}, AT_EMPTY_PATH) = 0
ioctl(3, TCGETS, 0x7ffcd7df2e60)        = -1 ENOTTY (Inappropriate ioctl for device)
lseek(3, 0, SEEK_CUR)                   = 0
lseek(3, 0, SEEK_CUR)                   = 0
newfstatat(3, "", {st_mode=S_IFREG|0644, st_size=32837, ...}, AT_EMPTY_PATH) = 0
read(3, "o\r\r\n\0\0\0\0\240\f\vd-}\0\0\343\0\0\0\0\0\0\0\0\0\0\0\0\0\0\0"..., 32838) = 32837
read(3, "", 1)                          = 0
close(3)                                = 0
newfstatat(AT_FDCWD, "/usr/lib/python3.10", {st_mode=S_IFDIR|0755, st_size=4096, ...}, 0) = 0
newfstatat(AT_FDCWD, "/usr/lib/python3.10/posixpath.py", {st_mode=S_IFREG|0644, st_size=16222, ...}, 0) = 0
newfstatat(AT_FDCWD, "/usr/lib/python3.10/posixpath.py", {st_mode=S_IFREG|0644, st_size=16222, ...}, 0) = 0
openat(AT_FDCWD, "/usr/lib/python3.10/__pycache__/posixpath.cpython-310.pyc", O_RDONLY|O_CLOEXEC) = 3
newfstatat(3, "", {st_mode=S_IFREG|0644, st_size=10515, ...}, AT_EMPTY_PATH) = 0
ioctl(3, TCGETS, 0x7ffcd7df2e60)        = -1 ENOTTY (Inappropriate ioctl for device)
lseek(3, 0, SEEK_CUR)                   = 0
lseek(3, 0, SEEK_CUR)                   = 0
newfstatat(3, "", {st_mode=S_IFREG|0644, st_size=10515, ...}, AT_EMPTY_PATH) = 0
read(3, "o\r\r\n\0\0\0\0\240\f\vd^?\0\0\343\0\0\0\0\0\0\0\0\0\0\0\0\0\0\0"..., 10516) = 10515
read(3, "", 1)                          = 0
close(3)                                = 0
newfstatat(AT_FDCWD, "/usr/lib/python3.10", {st_mode=S_IFDIR|0755, st_size=4096, ...}, 0) = 0
newfstatat(AT_FDCWD, "/usr/lib/python3.10/genericpath.py", {st_mode=S_IFREG|0644, st_size=4975, ...}, 0) = 0
newfstatat(AT_FDCWD, "/usr/lib/python3.10/genericpath.py", {st_mode=S_IFREG|0644, st_size=4975, ...}, 0) = 0
openat(AT_FDCWD, "/usr/lib/python3.10/__pycache__/genericpath.cpython-310.pyc", O_RDONLY|O_CLOEXEC) = 3
newfstatat(3, "", {st_mode=S_IFREG|0644, st_size=3907, ...}, AT_EMPTY_PATH) = 0
ioctl(3, TCGETS, 0x7ffcd7df2040)        = -1 ENOTTY (Inappropriate ioctl for device)
lseek(3, 0, SEEK_CUR)                   = 0
lseek(3, 0, SEEK_CUR)                   = 0
newfstatat(3, "", {st_mode=S_IFREG|0644, st_size=3907, ...}, AT_EMPTY_PATH) = 0
read(3, "o\r\r\n\0\0\0\0\240\f\vdo\23\0\0\343\0\0\0\0\0\0\0\0\0\0\0\0\0\0\0"..., 3908) = 3907
read(3, "", 1)                          = 0
close(3)                                = 0
newfstatat(AT_FDCWD, "/usr/lib/python3.10", {st_mode=S_IFDIR|0755, st_size=4096, ...}, 0) = 0
newfstatat(AT_FDCWD, "/usr/lib/python3.10/_sitebuiltins.py", {st_mode=S_IFREG|0644, st_size=3128, ...}, 0) = 0
newfstatat(AT_FDCWD, "/usr/lib/python3.10/_sitebuiltins.py", {st_mode=S_IFREG|0644, st_size=3128, ...}, 0) = 0
openat(AT_FDCWD, "/usr/lib/python3.10/__pycache__/_sitebuiltins.cpython-310.pyc", O_RDONLY|O_CLOEXEC) = 3
newfstatat(3, "", {st_mode=S_IFREG|0644, st_size=3547, ...}, AT_EMPTY_PATH) = 0
ioctl(3, TCGETS, 0x7ffcd7df3c80)        = -1 ENOTTY (Inappropriate ioctl for device)
lseek(3, 0, SEEK_CUR)                   = 0
lseek(3, 0, SEEK_CUR)                   = 0
newfstatat(3, "", {st_mode=S_IFREG|0644, st_size=3547, ...}, AT_EMPTY_PATH) = 0
read(3, "o\r\r\n\0\0\0\0\240\f\vd8\f\0\0\343\0\0\0\0\0\0\0\0\0\0\0\0\0\0\0"..., 3548) = 3547
read(3, "", 1)                          = 0
close(3)                                = 0
newfstatat(AT_FDCWD, "/usr/bin/pyvenv.cfg", 0x7ffcd7df45f0, 0) = -1 ENOENT (No such file or directory)
newfstatat(AT_FDCWD, "/usr/pyvenv.cfg", 0x7ffcd7df45f0, 0) = -1 ENOENT (No such file or directory)
geteuid()                               = 1000
getuid()                                = 1000
getegid()                               = 1000
getgid()                                = 1000
newfstatat(AT_FDCWD, "/home/azureuser/.local/lib/python3.10/site-packages", 0x7ffcd7df47c0, 0) = -1 ENOENT (No such file or directory)
newfstatat(AT_FDCWD, "/usr/local/lib/python3.10/dist-packages", {st_mode=S_IFDIR|0755, st_size=4096, ...}, 0) = 0
openat(AT_FDCWD, "/usr/local/lib/python3.10/dist-packages", O_RDONLY|O_NONBLOCK|O_CLOEXEC|O_DIRECTORY) = 3
newfstatat(3, "", {st_mode=S_IFDIR|0755, st_size=4096, ...}, AT_EMPTY_PATH) = 0
getdents64(3, 0x560e605c7150 /* 2 entries */, 32768) = 48
getdents64(3, 0x560e605c7150 /* 0 entries */, 32768) = 0
close(3)                                = 0
newfstatat(AT_FDCWD, "/usr/lib/python3/dist-packages", {st_mode=S_IFDIR|0755, st_size=12288, ...}, 0) = 0
openat(AT_FDCWD, "/usr/lib/python3/dist-packages", O_RDONLY|O_NONBLOCK|O_CLOEXEC|O_DIRECTORY) = 3
newfstatat(3, "", {st_mode=S_IFDIR|0755, st_size=12288, ...}, AT_EMPTY_PATH) = 0
getdents64(3, 0x560e605c7150 /* 172 entries */, 32768) = 7040
getdents64(3, 0x560e605c7150 /* 0 entries */, 32768) = 0
close(3)                                = 0
openat(AT_FDCWD, "/usr/lib/python3/dist-packages/zope.interface-5.4.0-nspkg.pth", O_RDONLY|O_CLOEXEC) = 3
newfstatat(3, "", {st_mode=S_IFREG|0644, st_size=529, ...}, AT_EMPTY_PATH) = 0
ioctl(3, TCGETS, 0x7ffcd7df4280)        = -1 ENOTTY (Inappropriate ioctl for device)
lseek(3, 0, SEEK_CUR)                   = 0
ioctl(3, TCGETS, 0x7ffcd7df4550)        = -1 ENOTTY (Inappropriate ioctl for device)
read(3, "import sys, types, os;has_mfs = "..., 8192) = 529
newfstatat(AT_FDCWD, "/usr/lib/python3.10", {st_mode=S_IFDIR|0755, st_size=4096, ...}, 0) = 0
newfstatat(AT_FDCWD, "/usr/lib/python3.10/types.py", {st_mode=S_IFREG|0644, st_size=10117, ...}, 0) = 0
newfstatat(AT_FDCWD, "/usr/lib/python3.10/types.py", {st_mode=S_IFREG|0644, st_size=10117, ...}, 0) = 0
openat(AT_FDCWD, "/usr/lib/python3.10/__pycache__/types.cpython-310.pyc", O_RDONLY|O_CLOEXEC) = 4
newfstatat(4, "", {st_mode=S_IFREG|0644, st_size=9533, ...}, AT_EMPTY_PATH) = 0
ioctl(4, TCGETS, 0x7ffcd7df31d0)        = -1 ENOTTY (Inappropriate ioctl for device)
lseek(4, 0, SEEK_CUR)                   = 0
lseek(4, 0, SEEK_CUR)                   = 0
newfstatat(4, "", {st_mode=S_IFREG|0644, st_size=9533, ...}, AT_EMPTY_PATH) = 0
read(4, "o\r\r\n\0\0\0\0\240\f\vd\205'\0\0\343\0\0\0\0\0\0\0\0\0\0\0\0\0\0\0"..., 9534) = 9533
read(4, "", 1)                          = 0
close(4)                                = 0
newfstatat(AT_FDCWD, "/usr/lib/python3.10", {st_mode=S_IFDIR|0755, st_size=4096, ...}, 0) = 0
newfstatat(AT_FDCWD, "/usr/lib/python3.10/importlib/__init__.cpython-310-x86_64-linux-gnu.so", 0x7ffcd7df25d0, 0) = -1 ENOENT (No such file or directory)
newfstatat(AT_FDCWD, "/usr/lib/python3.10/importlib/__init__.abi3.so", 0x7ffcd7df25d0, 0) = -1 ENOENT (No such file or directory)
newfstatat(AT_FDCWD, "/usr/lib/python3.10/importlib/__init__.so", 0x7ffcd7df25d0, 0) = -1 ENOENT (No such file or directory)
newfstatat(AT_FDCWD, "/usr/lib/python3.10/importlib/__init__.py", {st_mode=S_IFREG|0644, st_size=6089, ...}, 0) = 0
newfstatat(AT_FDCWD, "/usr/lib/python3.10/importlib/__init__.py", {st_mode=S_IFREG|0644, st_size=6089, ...}, 0) = 0
openat(AT_FDCWD, "/usr/lib/python3.10/importlib/__pycache__/__init__.cpython-310.pyc", O_RDONLY|O_CLOEXEC) = 4
newfstatat(4, "", {st_mode=S_IFREG|0644, st_size=3805, ...}, AT_EMPTY_PATH) = 0
ioctl(4, TCGETS, 0x7ffcd7df2890)        = -1 ENOTTY (Inappropriate ioctl for device)
lseek(4, 0, SEEK_CUR)                   = 0
lseek(4, 0, SEEK_CUR)                   = 0
newfstatat(4, "", {st_mode=S_IFREG|0644, st_size=3805, ...}, AT_EMPTY_PATH) = 0
read(4, "o\r\r\n\0\0\0\0\240\f\vd\311\27\0\0\343\0\0\0\0\0\0\0\0\0\0\0\0\0\0\0"..., 3806) = 3805
read(4, "", 1)                          = 0
close(4)                                = 0
newfstatat(AT_FDCWD, "/usr/lib/python3.10", {st_mode=S_IFDIR|0755, st_size=4096, ...}, 0) = 0
newfstatat(AT_FDCWD, "/usr/lib/python3.10/warnings.py", {st_mode=S_IFREG|0644, st_size=19688, ...}, 0) = 0
newfstatat(AT_FDCWD, "/usr/lib/python3.10/warnings.py", {st_mode=S_IFREG|0644, st_size=19688, ...}, 0) = 0
openat(AT_FDCWD, "/usr/lib/python3.10/__pycache__/warnings.cpython-310.pyc", O_RDONLY|O_CLOEXEC) = 4
newfstatat(4, "", {st_mode=S_IFREG|0644, st_size=13658, ...}, AT_EMPTY_PATH) = 0
ioctl(4, TCGETS, 0x7ffcd7df1a70)        = -1 ENOTTY (Inappropriate ioctl for device)
lseek(4, 0, SEEK_CUR)                   = 0
lseek(4, 0, SEEK_CUR)                   = 0
newfstatat(4, "", {st_mode=S_IFREG|0644, st_size=13658, ...}, AT_EMPTY_PATH) = 0
read(4, "o\r\r\n\0\0\0\0\240\f\vd\350L\0\0\343\0\0\0\0\0\0\0\0\0\0\0\0\0\0\0"..., 13659) = 13658
read(4, "", 1)                          = 0
close(4)                                = 0
newfstatat(AT_FDCWD, "/usr/lib/python3.10/importlib", {st_mode=S_IFDIR|0755, st_size=4096, ...}, 0) = 0
newfstatat(AT_FDCWD, "/usr/lib/python3.10/importlib", {st_mode=S_IFDIR|0755, st_size=4096, ...}, 0) = 0
newfstatat(AT_FDCWD, "/usr/lib/python3.10/importlib", {st_mode=S_IFDIR|0755, st_size=4096, ...}, 0) = 0
openat(AT_FDCWD, "/usr/lib/python3.10/importlib", O_RDONLY|O_NONBLOCK|O_CLOEXEC|O_DIRECTORY) = 4
newfstatat(4, "", {st_mode=S_IFDIR|0755, st_size=4096, ...}, AT_EMPTY_PATH) = 0
getdents64(4, 0x560e605d1670 /* 15 entries */, 32768) = 488
getdents64(4, 0x560e605d1670 /* 0 entries */, 32768) = 0
close(4)                                = 0
newfstatat(AT_FDCWD, "/usr/lib/python3.10/importlib/util.py", {st_mode=S_IFREG|0644, st_size=11487, ...}, 0) = 0
newfstatat(AT_FDCWD, "/usr/lib/python3.10/importlib/util.py", {st_mode=S_IFREG|0644, st_size=11487, ...}, 0) = 0
openat(AT_FDCWD, "/usr/lib/python3.10/importlib/__pycache__/util.cpython-310.pyc", O_RDONLY|O_CLOEXEC) = 4
newfstatat(4, "", {st_mode=S_IFREG|0644, st_size=9329, ...}, AT_EMPTY_PATH) = 0
ioctl(4, TCGETS, 0x7ffcd7df3110)        = -1 ENOTTY (Inappropriate ioctl for device)
lseek(4, 0, SEEK_CUR)                   = 0
lseek(4, 0, SEEK_CUR)                   = 0
newfstatat(4, "", {st_mode=S_IFREG|0644, st_size=9329, ...}, AT_EMPTY_PATH) = 0
read(4, "o\r\r\n\0\0\0\0\240\f\vd\337,\0\0\343\0\0\0\0\0\0\0\0\0\0\0\0\0\0\0"..., 9330) = 9329
read(4, "", 1)                          = 0
close(4)                                = 0
newfstatat(AT_FDCWD, "/usr/lib/python3.10/importlib", {st_mode=S_IFDIR|0755, st_size=4096, ...}, 0) = 0
newfstatat(AT_FDCWD, "/usr/lib/python3.10/importlib/_abc.py", {st_mode=S_IFREG|0644, st_size=1852, ...}, 0) = 0
newfstatat(AT_FDCWD, "/usr/lib/python3.10/importlib/_abc.py", {st_mode=S_IFREG|0644, st_size=1852, ...}, 0) = 0
openat(AT_FDCWD, "/usr/lib/python3.10/importlib/__pycache__/_abc.cpython-310.pyc", O_RDONLY|O_CLOEXEC) = 4
newfstatat(4, "", {st_mode=S_IFREG|0644, st_size=1971, ...}, AT_EMPTY_PATH) = 0
ioctl(4, TCGETS, 0x7ffcd7df22f0)        = -1 ENOTTY (Inappropriate ioctl for device)
lseek(4, 0, SEEK_CUR)                   = 0
lseek(4, 0, SEEK_CUR)                   = 0
newfstatat(4, "", {st_mode=S_IFREG|0644, st_size=1971, ...}, AT_EMPTY_PATH) = 0
read(4, "o\r\r\n\0\0\0\0\240\f\vd<\7\0\0\343\0\0\0\0\0\0\0\0\0\0\0\0\0\0\0"..., 1972) = 1971
read(4, "", 1)                          = 0
close(4)                                = 0
newfstatat(AT_FDCWD, "/usr/lib/python3.10", {st_mode=S_IFDIR|0755, st_size=4096, ...}, 0) = 0
newfstatat(AT_FDCWD, "/usr/lib/python3.10/contextlib.py", {st_mode=S_IFREG|0644, st_size=25882, ...}, 0) = 0
newfstatat(AT_FDCWD, "/usr/lib/python3.10/contextlib.py", {st_mode=S_IFREG|0644, st_size=25882, ...}, 0) = 0
openat(AT_FDCWD, "/usr/lib/python3.10/__pycache__/contextlib.cpython-310.pyc", O_RDONLY|O_CLOEXEC) = 4
newfstatat(4, "", {st_mode=S_IFREG|0644, st_size=20899, ...}, AT_EMPTY_PATH) = 0
ioctl(4, TCGETS, 0x7ffcd7df22f0)        = -1 ENOTTY (Inappropriate ioctl for device)
lseek(4, 0, SEEK_CUR)                   = 0
lseek(4, 0, SEEK_CUR)                   = 0
newfstatat(4, "", {st_mode=S_IFREG|0644, st_size=20899, ...}, AT_EMPTY_PATH) = 0
read(4, "o\r\r\n\0\0\0\0\240\f\vd\32e\0\0\343\0\0\0\0\0\0\0\0\0\0\0\0\0\0\0"..., 20900) = 20899
read(4, "", 1)                          = 0
close(4)                                = 0
newfstatat(AT_FDCWD, "/usr/lib/python3.10", {st_mode=S_IFDIR|0755, st_size=4096, ...}, 0) = 0
newfstatat(AT_FDCWD, "/usr/lib/python3.10/collections/__init__.cpython-310-x86_64-linux-gnu.so", 0x7ffcd7df1210, 0) = -1 ENOENT (No such file or directory)
newfstatat(AT_FDCWD, "/usr/lib/python3.10/collections/__init__.abi3.so", 0x7ffcd7df1210, 0) = -1 ENOENT (No such file or directory)
newfstatat(AT_FDCWD, "/usr/lib/python3.10/collections/__init__.so", 0x7ffcd7df1210, 0) = -1 ENOENT (No such file or directory)
newfstatat(AT_FDCWD, "/usr/lib/python3.10/collections/__init__.py", {st_mode=S_IFREG|0644, st_size=51398, ...}, 0) = 0
newfstatat(AT_FDCWD, "/usr/lib/python3.10/collections/__init__.py", {st_mode=S_IFREG|0644, st_size=51398, ...}, 0) = 0
openat(AT_FDCWD, "/usr/lib/python3.10/collections/__pycache__/__init__.cpython-310.pyc", O_RDONLY|O_CLOEXEC) = 4
newfstatat(4, "", {st_mode=S_IFREG|0644, st_size=48455, ...}, AT_EMPTY_PATH) = 0
ioctl(4, TCGETS, 0x7ffcd7df14d0)        = -1 ENOTTY (Inappropriate ioctl for device)
lseek(4, 0, SEEK_CUR)                   = 0
lseek(4, 0, SEEK_CUR)                   = 0
newfstatat(4, "", {st_mode=S_IFREG|0644, st_size=48455, ...}, AT_EMPTY_PATH) = 0
read(4, "o\r\r\n\0\0\0\0\240\f\vd\306\310\0\0\343\0\0\0\0\0\0\0\0\0\0\0\0\0\0\0"..., 48456) = 48455
read(4, "", 1)                          = 0
close(4)                                = 0
newfstatat(AT_FDCWD, "/usr/lib/python3.10", {st_mode=S_IFDIR|0755, st_size=4096, ...}, 0) = 0
newfstatat(AT_FDCWD, "/usr/lib/python3.10/keyword.py", {st_mode=S_IFREG|0644, st_size=1061, ...}, 0) = 0
newfstatat(AT_FDCWD, "/usr/lib/python3.10/keyword.py", {st_mode=S_IFREG|0644, st_size=1061, ...}, 0) = 0
openat(AT_FDCWD, "/usr/lib/python3.10/__pycache__/keyword.cpython-310.pyc", O_RDONLY|O_CLOEXEC) = 4
newfstatat(4, "", {st_mode=S_IFREG|0644, st_size=927, ...}, AT_EMPTY_PATH) = 0
ioctl(4, TCGETS, 0x7ffcd7df06b0)        = -1 ENOTTY (Inappropriate ioctl for device)
lseek(4, 0, SEEK_CUR)                   = 0
lseek(4, 0, SEEK_CUR)                   = 0
newfstatat(4, "", {st_mode=S_IFREG|0644, st_size=927, ...}, AT_EMPTY_PATH) = 0
read(4, "o\r\r\n\0\0\0\0\240\f\vd%\4\0\0\343\0\0\0\0\0\0\0\0\0\0\0\0\0\0\0"..., 928) = 927
read(4, "", 1)                          = 0
close(4)                                = 0
newfstatat(AT_FDCWD, "/usr/lib/python3.10", {st_mode=S_IFDIR|0755, st_size=4096, ...}, 0) = 0
newfstatat(AT_FDCWD, "/usr/lib/python3.10/operator.py", {st_mode=S_IFREG|0644, st_size=10751, ...}, 0) = 0
newfstatat(AT_FDCWD, "/usr/lib/python3.10/operator.py", {st_mode=S_IFREG|0644, st_size=10751, ...}, 0) = 0
openat(AT_FDCWD, "/usr/lib/python3.10/__pycache__/operator.cpython-310.pyc", O_RDONLY|O_CLOEXEC) = 4
newfstatat(4, "", {st_mode=S_IFREG|0644, st_size=13508, ...}, AT_EMPTY_PATH) = 0
ioctl(4, TCGETS, 0x7ffcd7df06b0)        = -1 ENOTTY (Inappropriate ioctl for device)
lseek(4, 0, SEEK_CUR)                   = 0
lseek(4, 0, SEEK_CUR)                   = 0
newfstatat(4, "", {st_mode=S_IFREG|0644, st_size=13508, ...}, AT_EMPTY_PATH) = 0
read(4, "o\r\r\n\0\0\0\0\240\f\vd\377)\0\0\343\0\0\0\0\0\0\0\0\0\0\0\0\0\0\0"..., 13509) = 13508
read(4, "", 1)                          = 0
close(4)                                = 0
newfstatat(AT_FDCWD, "/usr/lib/python3.10", {st_mode=S_IFDIR|0755, st_size=4096, ...}, 0) = 0
newfstatat(AT_FDCWD, "/usr/lib/python3.10/reprlib.py", {st_mode=S_IFREG|0644, st_size=5267, ...}, 0) = 0
newfstatat(AT_FDCWD, "/usr/lib/python3.10/reprlib.py", {st_mode=S_IFREG|0644, st_size=5267, ...}, 0) = 0
openat(AT_FDCWD, "/usr/lib/python3.10/__pycache__/reprlib.cpython-310.pyc", O_RDONLY|O_CLOEXEC) = 4
newfstatat(4, "", {st_mode=S_IFREG|0644, st_size=5250, ...}, AT_EMPTY_PATH) = 0
ioctl(4, TCGETS, 0x7ffcd7df06b0)        = -1 ENOTTY (Inappropriate ioctl for device)
lseek(4, 0, SEEK_CUR)                   = 0
lseek(4, 0, SEEK_CUR)                   = 0
newfstatat(4, "", {st_mode=S_IFREG|0644, st_size=5250, ...}, AT_EMPTY_PATH) = 0
read(4, "o\r\r\n\0\0\0\0\240\f\vd\223\24\0\0\343\0\0\0\0\0\0\0\0\0\0\0\0\0\0\0"..., 5251) = 5250
read(4, "", 1)                          = 0
close(4)                                = 0
newfstatat(AT_FDCWD, "/usr/lib/python3.10", {st_mode=S_IFDIR|0755, st_size=4096, ...}, 0) = 0
newfstatat(AT_FDCWD, "/usr/lib/python3.10/functools.py", {st_mode=S_IFREG|0644, st_size=38076, ...}, 0) = 0
newfstatat(AT_FDCWD, "/usr/lib/python3.10/functools.py", {st_mode=S_IFREG|0644, st_size=38076, ...}, 0) = 0
openat(AT_FDCWD, "/usr/lib/python3.10/__pycache__/functools.cpython-310.pyc", O_RDONLY|O_CLOEXEC) = 4
newfstatat(4, "", {st_mode=S_IFREG|0644, st_size=28349, ...}, AT_EMPTY_PATH) = 0
ioctl(4, TCGETS, 0x7ffcd7df14d0)        = -1 ENOTTY (Inappropriate ioctl for device)
lseek(4, 0, SEEK_CUR)                   = 0
lseek(4, 0, SEEK_CUR)                   = 0
newfstatat(4, "", {st_mode=S_IFREG|0644, st_size=28349, ...}, AT_EMPTY_PATH) = 0
brk(0x560e6060b000)                     = 0x560e6060b000
read(4, "o\r\r\n\0\0\0\0\240\f\vd\274\224\0\0\343\0\0\0\0\0\0\0\0\0\0\0\0\0\0\0"..., 28350) = 28349
read(4, "", 1)                          = 0
close(4)                                = 0
brk(0x560e60603000)                     = 0x560e60603000
newfstatat(AT_FDCWD, "/usr/lib/python3.10/importlib", {st_mode=S_IFDIR|0755, st_size=4096, ...}, 0) = 0
newfstatat(AT_FDCWD, "/usr/lib/python3.10/importlib/machinery.py", {st_mode=S_IFREG|0644, st_size=831, ...}, 0) = 0
newfstatat(AT_FDCWD, "/usr/lib/python3.10/importlib/machinery.py", {st_mode=S_IFREG|0644, st_size=831, ...}, 0) = 0
openat(AT_FDCWD, "/usr/lib/python3.10/importlib/__pycache__/machinery.cpython-310.pyc", O_RDONLY|O_CLOEXEC) = 4
newfstatat(4, "", {st_mode=S_IFREG|0644, st_size=944, ...}, AT_EMPTY_PATH) = 0
ioctl(4, TCGETS, 0x7ffcd7df3110)        = -1 ENOTTY (Inappropriate ioctl for device)
lseek(4, 0, SEEK_CUR)                   = 0
lseek(4, 0, SEEK_CUR)                   = 0
newfstatat(4, "", {st_mode=S_IFREG|0644, st_size=944, ...}, AT_EMPTY_PATH) = 0
read(4, "o\r\r\n\0\0\0\0\240\f\vd?\3\0\0\343\0\0\0\0\0\0\0\0\0\0\0\0\0\0\0"..., 945) = 944
read(4, "", 1)                          = 0
close(4)                                = 0
newfstatat(AT_FDCWD, "/usr/lib/python3/dist-packages", {st_mode=S_IFDIR|0755, st_size=12288, ...}, 0) = 0
newfstatat(AT_FDCWD, "/usr/lib/python3/dist-packages", {st_mode=S_IFDIR|0755, st_size=12288, ...}, 0) = 0
mmap(NULL, 1048576, PROT_READ|PROT_WRITE, MAP_PRIVATE|MAP_ANONYMOUS, -1, 0) = 0x7fac4ef68000
newfstatat(AT_FDCWD, "/usr/lib/python3/dist-packages", {st_mode=S_IFDIR|0755, st_size=12288, ...}, 0) = 0
openat(AT_FDCWD, "/usr/lib/python3/dist-packages", O_RDONLY|O_NONBLOCK|O_CLOEXEC|O_DIRECTORY) = 4
newfstatat(4, "", {st_mode=S_IFDIR|0755, st_size=12288, ...}, AT_EMPTY_PATH) = 0
getdents64(4, 0x560e605ec5c0 /* 172 entries */, 32768) = 7040
getdents64(4, 0x560e605ec5c0 /* 0 entries */, 32768) = 0
close(4)                                = 0
newfstatat(AT_FDCWD, "/usr/lib/python3/dist-packages/zope/__init__.cpython-310-x86_64-linux-gnu.so", 0x7ffcd7df36e0, 0) = -1 ENOENT (No such file or directory)
newfstatat(AT_FDCWD, "/usr/lib/python3/dist-packages/zope/__init__.abi3.so", 0x7ffcd7df36e0, 0) = -1 ENOENT (No such file or directory)
newfstatat(AT_FDCWD, "/usr/lib/python3/dist-packages/zope/__init__.so", 0x7ffcd7df36e0, 0) = -1 ENOENT (No such file or directory)
newfstatat(AT_FDCWD, "/usr/lib/python3/dist-packages/zope/__init__.py", {st_mode=S_IFREG|0644, st_size=56, ...}, 0) = 0
read(3, "", 8192)                       = 0
close(3)                                = 0
newfstatat(AT_FDCWD, "/usr/lib/python3.10/dist-packages", 0x7ffcd7df47c0, 0) = -1 ENOENT (No such file or directory)
newfstatat(AT_FDCWD, "/usr/lib/python3.10", {st_mode=S_IFDIR|0755, st_size=4096, ...}, 0) = 0
newfstatat(AT_FDCWD, "/usr/lib/python3.10/sitecustomize.py", {st_mode=S_IFREG|0644, st_size=155, ...}, 0) = 0
newfstatat(AT_FDCWD, "/usr/lib/python3.10/sitecustomize.py", {st_mode=S_IFREG|0644, st_size=155, ...}, 0) = 0
openat(AT_FDCWD, "/usr/lib/python3.10/__pycache__/sitecustomize.cpython-310.pyc", O_RDONLY|O_CLOEXEC) = 3
newfstatat(3, "", {st_mode=S_IFREG|0644, st_size=225, ...}, AT_EMPTY_PATH) = 0
ioctl(3, TCGETS, 0x7ffcd7df38e0)        = -1 ENOTTY (Inappropriate ioctl for device)
lseek(3, 0, SEEK_CUR)                   = 0
lseek(3, 0, SEEK_CUR)                   = 0
newfstatat(3, "", {st_mode=S_IFREG|0644, st_size=225, ...}, AT_EMPTY_PATH) = 0
read(3, "o\r\r\n\0\0\0\0\223\21Hb\233\0\0\0\343\0\0\0\0\0\0\0\0\0\0\0\0\0\0\0"..., 226) = 225
read(3, "", 1)                          = 0
close(3)                                = 0
newfstatat(AT_FDCWD, "/usr/lib/python3.10", {st_mode=S_IFDIR|0755, st_size=4096, ...}, 0) = 0
newfstatat(AT_FDCWD, "/usr/lib/python3.10/lib-dynload", {st_mode=S_IFDIR|0755, st_size=4096, ...}, 0) = 0
newfstatat(AT_FDCWD, "/usr/lib/python3.10/lib-dynload", {st_mode=S_IFDIR|0755, st_size=4096, ...}, 0) = 0
newfstatat(AT_FDCWD, "/usr/lib/python3.10/lib-dynload", {st_mode=S_IFDIR|0755, st_size=4096, ...}, 0) = 0
openat(AT_FDCWD, "/usr/lib/python3.10/lib-dynload", O_RDONLY|O_NONBLOCK|O_CLOEXEC|O_DIRECTORY) = 3
newfstatat(3, "", {st_mode=S_IFDIR|0755, st_size=4096, ...}, AT_EMPTY_PATH) = 0
getdents64(3, 0x560e605eede0 /* 48 entries */, 32768) = 3016
getdents64(3, 0x560e605eede0 /* 0 entries */, 32768) = 0
close(3)                                = 0
newfstatat(AT_FDCWD, "/usr/local/lib/python3.10/dist-packages", {st_mode=S_IFDIR|0755, st_size=4096, ...}, 0) = 0
newfstatat(AT_FDCWD, "/usr/local/lib/python3.10/dist-packages", {st_mode=S_IFDIR|0755, st_size=4096, ...}, 0) = 0
newfstatat(AT_FDCWD, "/usr/local/lib/python3.10/dist-packages", {st_mode=S_IFDIR|0755, st_size=4096, ...}, 0) = 0
openat(AT_FDCWD, "/usr/local/lib/python3.10/dist-packages", O_RDONLY|O_NONBLOCK|O_CLOEXEC|O_DIRECTORY) = 3
newfstatat(3, "", {st_mode=S_IFDIR|0755, st_size=4096, ...}, AT_EMPTY_PATH) = 0
getdents64(3, 0x560e605eede0 /* 2 entries */, 32768) = 48
getdents64(3, 0x560e605eede0 /* 0 entries */, 32768) = 0
close(3)                                = 0
newfstatat(AT_FDCWD, "/usr/lib/python3/dist-packages", {st_mode=S_IFDIR|0755, st_size=12288, ...}, 0) = 0
newfstatat(AT_FDCWD, "/usr/lib/python3/dist-packages/apport_python_hook.py", {st_mode=S_IFREG|0644, st_size=8063, ...}, 0) = 0
newfstatat(AT_FDCWD, "/usr/lib/python3/dist-packages/apport_python_hook.py", {st_mode=S_IFREG|0644, st_size=8063, ...}, 0) = 0
openat(AT_FDCWD, "/usr/lib/python3/dist-packages/__pycache__/apport_python_hook.cpython-310.pyc", O_RDONLY|O_CLOEXEC) = 3
newfstatat(3, "", {st_mode=S_IFREG|0644, st_size=4661, ...}, AT_EMPTY_PATH) = 0
ioctl(3, TCGETS, 0x7ffcd7df2ac0)        = -1 ENOTTY (Inappropriate ioctl for device)
lseek(3, 0, SEEK_CUR)                   = 0
lseek(3, 0, SEEK_CUR)                   = 0
newfstatat(3, "", {st_mode=S_IFREG|0644, st_size=4661, ...}, AT_EMPTY_PATH) = 0
read(3, "o\r\r\n\0\0\0\0&F\177c\177\37\0\0\343\0\0\0\0\0\0\0\0\0\0\0\0\0\0\0"..., 4662) = 4661
read(3, "", 1)                          = 0
close(3)                                = 0
newfstatat(AT_FDCWD, "/usr/lib/python3.10", {st_mode=S_IFDIR|0755, st_size=4096, ...}, 0) = 0
newfstatat(AT_FDCWD, "/usr/lib/python3.10/lib-dynload", {st_mode=S_IFDIR|0755, st_size=4096, ...}, 0) = 0
newfstatat(AT_FDCWD, "/usr/local/lib/python3.10/dist-packages", {st_mode=S_IFDIR|0755, st_size=4096, ...}, 0) = 0
newfstatat(AT_FDCWD, "/usr/lib/python3/dist-packages", {st_mode=S_IFDIR|0755, st_size=12288, ...}, 0) = 0
newfstatat(AT_FDCWD, "/home/azureuser/Learn-Linux-Kernel/src/ch01/./hello.py", {st_mode=S_IFREG|0777, st_size=41, ...}, 0) = 0
openat(AT_FDCWD, "/home/azureuser/Learn-Linux-Kernel/src/ch01/./hello.py", O_RDONLY|O_CLOEXEC) = 3
newfstatat(3, "", {st_mode=S_IFREG|0777, st_size=41, ...}, AT_EMPTY_PATH) = 0
ioctl(3, TCGETS, 0x7ffcd7df58a0)        = -1 ENOTTY (Inappropriate ioctl for device)
lseek(3, 0, SEEK_CUR)                   = 0
lseek(3, -22, SEEK_END)                 = 19
lseek(3, 0, SEEK_CUR)                   = 19
read(3, "\nprint(\"hello world\")\n", 4096) = 22
lseek(3, 0, SEEK_END)                   = 41
lseek(3, 0, SEEK_CUR)                   = 41
lseek(3, 0, SEEK_SET)                   = 0
lseek(3, 0, SEEK_CUR)                   = 0
newfstatat(3, "", {st_mode=S_IFREG|0777, st_size=41, ...}, AT_EMPTY_PATH) = 0
read(3, "#!/usr/bin/python3\n\nprint(\"hello"..., 42) = 41
read(3, "", 1)                          = 0
close(3)                                = 0
newfstatat(AT_FDCWD, "/home/azureuser/Learn-Linux-Kernel/src/ch01/./hello.py", {st_mode=S_IFREG|0777, st_size=41, ...}, 0) = 0
readlink("./hello.py", 0x7ffcd7de51e0, 4096) = -1 EINVAL (Invalid argument)
getcwd("/home/azureuser/Learn-Linux-Kernel/src/ch01", 1024) = 44
readlink("/home/azureuser/Learn-Linux-Kernel/src/ch01/hello.py", 0x7ffcd7de4960, 1023) = -1 EINVAL (Invalid argument)
openat(AT_FDCWD, "/home/azureuser/Learn-Linux-Kernel/src/ch01/./hello.py", O_RDONLY) = 3
ioctl(3, FIOCLEX)                       = 0
newfstatat(3, "", {st_mode=S_IFREG|0777, st_size=41, ...}, AT_EMPTY_PATH) = 0
ioctl(3, TCGETS, 0x7ffcd7df6190)        = -1 ENOTTY (Inappropriate ioctl for device)
lseek(3, 0, SEEK_CUR)                   = 0
newfstatat(3, "", {st_mode=S_IFREG|0777, st_size=41, ...}, AT_EMPTY_PATH) = 0
read(3, "#!/usr/bin/python3\n\nprint(\"hello"..., 4096) = 41
lseek(3, 0, SEEK_SET)                   = 0
read(3, "#!/usr/bin/python3\n\nprint(\"hello"..., 4096) = 41
read(3, "", 4096)                       = 0
close(3)                                = 0
write(1, "hello world\n", 12)           = 12
rt_sigaction(SIGINT, {sa_handler=SIG_DFL, sa_mask=[], sa_flags=SA_RESTORER|SA_ONSTACK, sa_restorer=0x7fac4f67a520}, {sa_handler=0x560e5f675b00, sa_mask=[], sa_flags=SA_RESTORER|SA_ONSTACK, sa_restorer=0x7fac4f67a520}, 8) = 0
munmap(0x7fac4f068000, 151552)          = 0
exit_group(0)                           = ?
+++ exited with 0 +++
